Sun Jun 10 2018 12:53:57 GMT+0530 (India Standard Time): GET /about
Sun Jun 10 2018 12:54:37 GMT+0530 (India Standard Time): GET /about
Sun Jun 10 2018 12:58:05 GMT+0530 (India Standard Time): GET /maintainence
Sun Jun 10 2018 12:59:35 GMT+0530 (India Standard Time): GET /
Sun Jun 10 2018 12:59:47 GMT+0530 (India Standard Time): GET /about
Sun Jun 10 2018 13:02:04 GMT+0530 (India Standard Time): GET /about
Sun Jun 10 2018 13:03:01 GMT+0530 (India Standard Time): GET /about
Sun Jun 10 2018 13:03:04 GMT+0530 (India Standard Time): GET /help.html
Sun Jun 10 2018 16:46:41 GMT+0530 (India Standard Time): GET /about
Sun Jun 10 2018 16:46:42 GMT+0530 (India Standard Time): GET /favicon.ico
Sun Jun 10 2018 16:46:45 GMT+0530 (India Standard Time): GET /
Sun Jun 10 2018 16:46:45 GMT+0530 (India Standard Time): GET /favicon.ico
Sun Jun 10 2018 16:47:11 GMT+0530 (India Standard Time): GET /
Sun Jun 10 2018 16:47:11 GMT+0530 (India Standard Time): GET /favicon.ico
Sun Jun 10 2018 16:47:21 GMT+0530 (India Standard Time): GET /
Sun Jun 10 2018 16:47:22 GMT+0530 (India Standard Time): GET /favicon.ico
Sun Jun 10 2018 16:47:23 GMT+0530 (India Standard Time): GET /about
Sun Jun 10 2018 16:47:25 GMT+0530 (India Standard Time): GET /
Sun Jun 10 2018 16:47:45 GMT+0530 (India Standard Time): GET /
Sun Jun 10 2018 16:47:51 GMT+0530 (India Standard Time): GET /about
Sun Jun 10 2018 17:06:49 GMT+0530 (India Standard Time): GET /
Sun Jun 10 2018 17:06:54 GMT+0530 (India Standard Time): GET /index.html
Sun Jun 10 2018 17:07:13 GMT+0530 (India Standard Time): GET /index.html
Sun Jun 10 2018 17:07:13 GMT+0530 (India Standard Time): GET /avatar_hat.jpg
Sun Jun 10 2018 17:08:34 GMT+0530 (India Standard Time): GET /about
Sun Jun 10 2018 17:08:44 GMT+0530 (India Standard Time): GET /avatar_hat.jpg
Sun Jun 10 2018 17:09:25 GMT+0530 (India Standard Time): GET /
Sun Jun 10 2018 17:09:40 GMT+0530 (India Standard Time): GET /
Sun Jun 10 2018 17:09:56 GMT+0530 (India Standard Time): GET /
Sun Jun 10 2018 17:09:56 GMT+0530 (India Standard Time): GET /avatar_hat.jpg
Sun Jun 10 2018 17:16:45 GMT+0530 (India Standard Time): GET /
Sun Jun 10 2018 17:16:45 GMT+0530 (India Standard Time): GET /shashi.jpg
Sun Jun 10 2018 18:56:12 GMT+0530 (India Standard Time): GET /
Sun Jun 10 2018 18:56:12 GMT+0530 (India Standard Time): GET /avatar2.jpg
Sun Jun 10 2018 18:56:37 GMT+0530 (India Standard Time): GET /
Sun Jun 10 2018 18:56:37 GMT+0530 (India Standard Time): GET /avatar2.jpg
Sun Jun 10 2018 18:58:28 GMT+0530 (India Standard Time): GET /
Sun Jun 10 2018 18:58:28 GMT+0530 (India Standard Time): GET /avatar2.jpg
Sun Jun 10 2018 19:00:02 GMT+0530 (India Standard Time): GET /
Sun Jun 10 2018 19:00:02 GMT+0530 (India Standard Time): GET /avatar2.jpg
Sun Jun 10 2018 19:02:50 GMT+0530 (India Standard Time): GET /
Sun Jun 10 2018 19:02:50 GMT+0530 (India Standard Time): GET /avatar2.jpg
Sun Jun 10 2018 19:04:12 GMT+0530 (India Standard Time): GET /
Sun Jun 10 2018 19:04:12 GMT+0530 (India Standard Time): GET /avatar2.jpg
Sun Jun 10 2018 19:04:55 GMT+0530 (India Standard Time): GET /
Sun Jun 10 2018 19:04:55 GMT+0530 (India Standard Time): GET /avatar2.jpg
Sun Jun 10 2018 19:06:18 GMT+0530 (India Standard Time): GET /
Sun Jun 10 2018 19:06:18 GMT+0530 (India Standard Time): GET /avatar2.jpg
Sun Jun 10 2018 19:08:25 GMT+0530 (India Standard Time): GET /
Sun Jun 10 2018 19:08:25 GMT+0530 (India Standard Time): GET /avatar2.jpg
Sun Jun 10 2018 19:09:48 GMT+0530 (India Standard Time): GET /
Sun Jun 10 2018 19:09:48 GMT+0530 (India Standard Time): GET /avatar2.jpg
Sun Jun 10 2018 19:12:59 GMT+0530 (India Standard Time): GET /
Sun Jun 10 2018 19:12:59 GMT+0530 (India Standard Time): GET /avatar2.jpg
Sun Jun 10 2018 19:14:16 GMT+0530 (India Standard Time): GET /
Sun Jun 10 2018 19:14:17 GMT+0530 (India Standard Time): GET /avatar2.jpg
Sun Jun 10 2018 19:14:32 GMT+0530 (India Standard Time): GET /
Sun Jun 10 2018 19:14:32 GMT+0530 (India Standard Time): GET /avatar2.jpg
Sun Jun 10 2018 19:17:43 GMT+0530 (India Standard Time): GET /
Sun Jun 10 2018 19:17:43 GMT+0530 (India Standard Time): GET /avatar2.jpg
Sun Jun 10 2018 19:17:46 GMT+0530 (India Standard Time): GET /
Sun Jun 10 2018 19:17:46 GMT+0530 (India Standard Time): GET /avatar2.jpg
Sun Jun 10 2018 19:18:35 GMT+0530 (India Standard Time): GET /
Sun Jun 10 2018 19:18:35 GMT+0530 (India Standard Time): GET /avatar2.jpg
Sun Jun 10 2018 19:18:55 GMT+0530 (India Standard Time): GET /
Sun Jun 10 2018 19:18:55 GMT+0530 (India Standard Time): GET /avatar2.jpg
Sun Jun 10 2018 19:20:53 GMT+0530 (India Standard Time): GET /
Sun Jun 10 2018 19:20:53 GMT+0530 (India Standard Time): GET /avatar2.jpg
Sun Jun 10 2018 19:22:15 GMT+0530 (India Standard Time): GET /
Sun Jun 10 2018 19:22:15 GMT+0530 (India Standard Time): GET /avatar2.jpg
Sun Jun 10 2018 19:22:35 GMT+0530 (India Standard Time): GET /
Sun Jun 10 2018 19:22:35 GMT+0530 (India Standard Time): GET /avatar2.jpg
Sun Jun 10 2018 19:24:43 GMT+0530 (India Standard Time): GET /
Sun Jun 10 2018 19:24:43 GMT+0530 (India Standard Time): GET /avatar2.jpg
Sun Jun 10 2018 19:25:14 GMT+0530 (India Standard Time): GET /
Sun Jun 10 2018 19:25:14 GMT+0530 (India Standard Time): GET /avatar2.jpg
Sun Jun 10 2018 19:25:32 GMT+0530 (India Standard Time): GET /
Sun Jun 10 2018 19:25:32 GMT+0530 (India Standard Time): GET /avatar2.jpg
Sun Jun 10 2018 19:28:22 GMT+0530 (India Standard Time): GET /
Sun Jun 10 2018 19:28:22 GMT+0530 (India Standard Time): GET /avatar2.jpg
Sun Jun 10 2018 19:28:27 GMT+0530 (India Standard Time): GET /
Sun Jun 10 2018 19:28:27 GMT+0530 (India Standard Time): GET /avatar2.jpg
Sun Jun 10 2018 19:28:54 GMT+0530 (India Standard Time): GET /
Sun Jun 10 2018 19:28:54 GMT+0530 (India Standard Time): GET /avatar2.jpg
Sun Jun 10 2018 19:29:01 GMT+0530 (India Standard Time): GET /
Sun Jun 10 2018 19:29:01 GMT+0530 (India Standard Time): GET /avatar2.jpg
Sun Jun 10 2018 19:30:22 GMT+0530 (India Standard Time): GET /
Sun Jun 10 2018 19:30:22 GMT+0530 (India Standard Time): GET /avatar2.jpg
Sun Jun 10 2018 19:30:30 GMT+0530 (India Standard Time): GET /
Sun Jun 10 2018 19:30:30 GMT+0530 (India Standard Time): GET /avatar2.jpg
Sun Jun 10 2018 19:31:00 GMT+0530 (India Standard Time): GET /
Sun Jun 10 2018 19:31:00 GMT+0530 (India Standard Time): GET /avatar2.jpg
